<?xml version="1.0" encoding="UTF-8"?>
<testng-results ignored="0" total="2" passed="2" failed="0" skipped="0">
  <reporter-output>
  </reporter-output>
  <suite started-at="2023-08-04T16:33:26 PKT" name="Default suite" finished-at="2023-08-04T16:33:31 PKT" duration-ms="5051">
    <groups>
    </groups>
    <test started-at="2023-08-04T16:33:26 PKT" name="Default test" finished-at="2023-08-04T16:33:31 PKT" duration-ms="5051">
      <class name="com.saucedemo.tests.Testcases">
        <test-method signature="verifylogin()[pri:1, instance:com.saucedemo.tests.Testcases@1133ec6e]" started-at="2023-08-04T16:33:26 PKT" name="verifylogin" finished-at="2023-08-04T16:33:28 PKT" duration-ms="1830" status="PASS">
          <reporter-output>
          </reporter-output>
        </test-method> <!-- verifylogin -->
        <test-method signature="addcart()[pri:2, instance:com.saucedemo.tests.Testcases@1133ec6e]" started-at="2023-08-04T16:33:28 PKT" name="addcart" finished-at="2023-08-04T16:33:31 PKT" duration-ms="3177" status="PASS">
          <reporter-output>
          </reporter-output>
        </test-method> <!-- addcart -->
        <test-method is-config="true" signature="EndSession()[pri:0, instance:com.saucedemo.tests.Testcases@1133ec6e]" started-at="2023-08-04T16:33:31 PKT" name="EndSession" finished-at="2023-08-04T16:33:31 PKT" duration-ms="2" status="PASS">
          <reporter-output>
          </reporter-output>
        </test-method> <!-- EndSession -->
      </class> <!-- com.saucedemo.tests.Testcases -->
    </test> <!-- Default test -->
  </suite> <!-- Default suite -->
</testng-results>
